\BOOKMARK [1][-]{section.1}{Introduction}{}% 1
\BOOKMARK [1][-]{section.2}{System Specifications}{}% 2
\BOOKMARK [1][-]{section.3}{Design Description}{}% 3
\BOOKMARK [2][-]{subsection.3.1}{Sound Producer and Sound Consumer}{section.3}% 4
\BOOKMARK [2][-]{subsection.3.2}{Source Encoder/Decoder}{section.3}% 5
\BOOKMARK [2][-]{subsection.3.3}{Packing}{section.3}% 6
\BOOKMARK [2][-]{subsection.3.4}{Forward Error Correction}{section.3}% 7
\BOOKMARK [2][-]{subsection.3.5}{Symbol Mapping}{section.3}% 8
\BOOKMARK [2][-]{subsection.3.6}{Training sequence}{section.3}% 9
\BOOKMARK [2][-]{subsection.3.7}{Pulse shaping}{section.3}% 10
\BOOKMARK [2][-]{subsection.3.8}{Symbol synchronisation}{section.3}% 11
\BOOKMARK [2][-]{subsection.3.9}{Frequency synchronisation}{section.3}% 12
\BOOKMARK [2][-]{subsection.3.10}{Frame synchronisation}{section.3}% 13
\BOOKMARK [1][-]{section.4}{Link Budget}{}% 14
\BOOKMARK [2][-]{subsection.4.1}{TX and RX Loss}{section.4}% 15
\BOOKMARK [2][-]{subsection.4.2}{Path Loss}{section.4}% 16
\BOOKMARK [2][-]{subsection.4.3}{RX Noise}{section.4}% 17
\BOOKMARK [2][-]{subsection.4.4}{RX Properties}{section.4}% 18
\BOOKMARK [1][-]{section.5}{Design Motivation}{}% 19
\BOOKMARK [2][-]{subsection.5.1}{Choice of modulation scheme}{section.5}% 20
\BOOKMARK [2][-]{subsection.5.2}{Source Encoder/Decoder}{section.5}% 21
\BOOKMARK [1][-]{section.6}{Measurements and Verification}{}% 22
\BOOKMARK [1][-]{section*.1}{References}{}% 23
\BOOKMARK [1][-]{section*.2}{Appendix A: Block Diagram}{}% 24
\BOOKMARK [1][-]{section*.3}{Appendix B: Symbol Mapping Scheme}{}% 25
